This is pdfTeX, Version 3.141592653-2.6-1.40.25 (TeX Live 2023/Arch Linux) (preloaded format=pdftex 2023.4.23)  28 APR 2023 17:06
entering extended mode
 restricted \write18 enabled.
 %&-line parsing enabled.
**i4.tex
(./i4.tex (/usr/share/texmf-dist/tex/plain/graphics-pln/graphicx.tex
(/usr/share/texmf-dist/tex/plain/graphics-pln/miniltx.tex
\@tempcnta=\count27
\@tempcntb=\count28
\@tempdima=\dimen16
\@tempdimb=\dimen17
\@tempdimc=\dimen18
\@tempboxa=\box16
\@tempskipa=\skip18
\@tempskipb=\skip19
\@temptokena=\toks13

Defining generic filename parser.

\leftmarginv=\dimen19
\leftmarginvi=\dimen20
\@ovxx=\dimen21
\@ovyy=\dimen22
\@ovdx=\dimen23
\@ovdy=\dimen24
\@ovro=\dimen25
\@ovri=\dimen26
\@xdim=\dimen27
\@ydim=\dimen28
\@linelen=\dimen29
\@dashdim=\dimen30
\fboxsep=\dimen31
\fboxrule=\dimen32
)
(/usr/share/texmf-dist/tex/latex/graphics/graphicx.sty
graphicx: 2021/09/16 v1.2d Enhanced LaTeX Graphics (DPC,SPQR)

(/usr/share/texmf-dist/tex/latex/graphics/keyval.sty
keyval: 2022/05/29 v1.15 key=value parser (DPC)
\KV@toks@=\toks14
)
(/usr/share/texmf-dist/tex/latex/graphics/graphics.sty
graphics: 2022/03/10 v1.4e Standard LaTeX Graphics (DPC,SPQR)

(/usr/share/texmf-dist/tex/latex/graphics/trig.sty
trig: 2021/08/11 v1.11 sin cos tan (DPC)
)
(/usr/share/texmf-dist/tex/latex/graphics-cfg/graphics.cfg
graphics.cfg: 2016/06/04 v1.11 sample graphics configuration
)
graphics: Driver file: pdftex.def

(/usr/share/texmf-dist/tex/latex/graphics-def/pdftex.def
pdftex.def: 2022/09/22 v1.2b Graphics/color driver for pdftex
\stockwidth=\dimen33
\stockheight=\dimen34

(/usr/share/texmf-dist/tex/context/base/mkii/supp-pdf.mkii
[Loading MPS to PDF converter (version 2006.09.02).]
\scratchcounter=\count29
\scratchdimen=\dimen35
\scratchbox=\box17
\nofMPsegments=\count30
\nofMParguments=\count31
\everyMPshowfont=\toks15
\MPscratchCnt=\count32
\MPscratchDim=\dimen36
\MPnumerator=\count33
\makeMPintoPDFobject=\count34
\everyMPtoPDFconversion=\toks16
)))
\Gin@req@height=\dimen37
\Gin@req@width=\dimen38
)) [1{/var/lib/texmf/fonts/map/pdftex/updmap/pdftex.map} <./maxwell.jpg>] )</us
r/share/texmf-dist/fonts/type1/public/amsfonts/cm/cmbx10.pfb></usr/share/texmf-
dist/fonts/type1/public/amsfonts/cm/cmr10.pfb></usr/share/texmf-dist/fonts/type
1/public/amsfonts/cm/cmti10.pfb>
Output written on i4.pdf (1 page, 73419 bytes).
PDF statistics:
 21 PDF objects out of 1000 (max. 8388607)
 13 compressed objects within 1 object stream
 0 named destinations out of 1000 (max. 500000)
 6 words of extra memory for PDF output out of 10000 (max. 10000000)

