This is pdfTeX, Version 3.141592653-2.6-1.40.25 (TeX Live 2023/Arch Linux) (preloaded format=pdftex 2023.4.23)  26 APR 2023 13:23
entering extended mode
 restricted \write18 enabled.
 %&-line parsing enabled.
**s
(/usr/share/texmf-dist/tex/latex/tools/s.tex File ignored
)
*s

*\hskip 4in

*\input story \bye
(/usr/share/texmf-dist/tex/plain/knuth-lib/story.tex [1{/var/lib/texmf/fonts/ma
p/pdftex/updmap/pdftex.map}])</usr/share/texmf-dist/fonts/type1/public/amsfonts
/cm/cmbx10.pfb></usr/share/texmf-dist/fonts/type1/public/amsfonts/cm/cmr10.pfb>
</usr/share/texmf-dist/fonts/type1/public/amsfonts/cm/cmsl10.pfb>
Output written on s.pdf (1 page, 36201 bytes).
PDF statistics:
 20 PDF objects out of 1000 (max. 8388607)
 13 compressed objects within 1 object stream
 0 named destinations out of 1000 (max. 500000)
 1 words of extra memory for PDF output out of 10000 (max. 10000000)

